Determining if the Q_WS_WIN exist failed with the following output:
Change Dir: /home/florent/MyDGtalContrib/bin/CMakeFiles/CMakeTmp

Run Build Command:"/usr/bin/make" "cmTryCompileExec915784127/fast"
/usr/bin/make -f CMakeFiles/cmTryCompileExec915784127.dir/build.make CMakeFiles/cmTryCompileExec915784127.dir/build
make[1]: entrant dans le répertoire « /home/florent/MyDGtalContrib/bin/CMakeFiles/CMakeTmp »
/usr/bin/cmake -E cmake_progress_report /home/florent/MyDGtalContrib/bin/CMakeFiles/CMakeTmp/CMakeFiles 1
Building CXX object CMakeFiles/cmTryCompileExec915784127.dir/CheckSymbolExists.cxx.o
/usr/bin/c++    -std=c++11  -Wno-array-bounds -msse2  -I/usr/include/qt4    -o CMakeFiles/cmTryCompileExec915784127.dir/CheckSymbolExists.cxx.o -c /home/florent/MyDGtalContrib/bin/CMakeFiles/CMakeTmp/CheckSymbolExists.cxx
/home/florent/MyDGtalContrib/bin/CMakeFiles/CMakeTmp/CheckSymbolExists.cxx: In function ‘int main(int, char**)’:
/home/florent/MyDGtalContrib/bin/CMakeFiles/CMakeTmp/CheckSymbolExists.cxx:8:19: error: ‘Q_WS_WIN’ was not declared in this scope
   return ((int*)(&Q_WS_WIN))[argc];
                   ^
make[1]: *** [CMakeFiles/cmTryCompileExec915784127.dir/CheckSymbolExists.cxx.o] Erreur 1
make[1]: quittant le répertoire « /home/florent/MyDGtalContrib/bin/CMakeFiles/CMakeTmp »
make: *** [cmTryCompileExec915784127/fast] Erreur 2

File /home/florent/MyDGtalContrib/bin/CMakeFiles/CMakeTmp/CheckSymbolExists.cxx:
/* */
#include <QtCore/qglobal.h>

int main(int argc, char** argv)
{
  (void)argv;
#ifndef Q_WS_WIN
  return ((int*)(&Q_WS_WIN))[argc];
#else
  (void)argc;
  return 0;
#endif
}

Determining if the Q_WS_QWS exist failed with the following output:
Change Dir: /home/florent/MyDGtalContrib/bin/CMakeFiles/CMakeTmp

Run Build Command:"/usr/bin/make" "cmTryCompileExec244157677/fast"
/usr/bin/make -f CMakeFiles/cmTryCompileExec244157677.dir/build.make CMakeFiles/cmTryCompileExec244157677.dir/build
make[1]: entrant dans le répertoire « /home/florent/MyDGtalContrib/bin/CMakeFiles/CMakeTmp »
/usr/bin/cmake -E cmake_progress_report /home/florent/MyDGtalContrib/bin/CMakeFiles/CMakeTmp/CMakeFiles 1
Building CXX object CMakeFiles/cmTryCompileExec244157677.dir/CheckSymbolExists.cxx.o
/usr/bin/c++    -std=c++11  -Wno-array-bounds -msse2  -I/usr/include/qt4    -o CMakeFiles/cmTryCompileExec244157677.dir/CheckSymbolExists.cxx.o -c /home/florent/MyDGtalContrib/bin/CMakeFiles/CMakeTmp/CheckSymbolExists.cxx
/home/florent/MyDGtalContrib/bin/CMakeFiles/CMakeTmp/CheckSymbolExists.cxx: In function ‘int main(int, char**)’:
/home/florent/MyDGtalContrib/bin/CMakeFiles/CMakeTmp/CheckSymbolExists.cxx:8:19: error: ‘Q_WS_QWS’ was not declared in this scope
   return ((int*)(&Q_WS_QWS))[argc];
                   ^
make[1]: *** [CMakeFiles/cmTryCompileExec244157677.dir/CheckSymbolExists.cxx.o] Erreur 1
make[1]: quittant le répertoire « /home/florent/MyDGtalContrib/bin/CMakeFiles/CMakeTmp »
make: *** [cmTryCompileExec244157677/fast] Erreur 2

File /home/florent/MyDGtalContrib/bin/CMakeFiles/CMakeTmp/CheckSymbolExists.cxx:
/* */
#include <QtCore/qglobal.h>

int main(int argc, char** argv)
{
  (void)argv;
#ifndef Q_WS_QWS
  return ((int*)(&Q_WS_QWS))[argc];
#else
  (void)argc;
  return 0;
#endif
}

Determining if the Q_WS_MAC exist failed with the following output:
Change Dir: /home/florent/MyDGtalContrib/bin/CMakeFiles/CMakeTmp

Run Build Command:"/usr/bin/make" "cmTryCompileExec2861707098/fast"
/usr/bin/make -f CMakeFiles/cmTryCompileExec2861707098.dir/build.make CMakeFiles/cmTryCompileExec2861707098.dir/build
make[1]: entrant dans le répertoire « /home/florent/MyDGtalContrib/bin/CMakeFiles/CMakeTmp »
/usr/bin/cmake -E cmake_progress_report /home/florent/MyDGtalContrib/bin/CMakeFiles/CMakeTmp/CMakeFiles 1
Building CXX object CMakeFiles/cmTryCompileExec2861707098.dir/CheckSymbolExists.cxx.o
/usr/bin/c++    -std=c++11  -Wno-array-bounds -msse2  -I/usr/include/qt4    -o CMakeFiles/cmTryCompileExec2861707098.dir/CheckSymbolExists.cxx.o -c /home/florent/MyDGtalContrib/bin/CMakeFiles/CMakeTmp/CheckSymbolExists.cxx
/home/florent/MyDGtalContrib/bin/CMakeFiles/CMakeTmp/CheckSymbolExists.cxx: In function ‘int main(int, char**)’:
/home/florent/MyDGtalContrib/bin/CMakeFiles/CMakeTmp/CheckSymbolExists.cxx:8:19: error: ‘Q_WS_MAC’ was not declared in this scope
   return ((int*)(&Q_WS_MAC))[argc];
                   ^
make[1]: *** [CMakeFiles/cmTryCompileExec2861707098.dir/CheckSymbolExists.cxx.o] Erreur 1
make[1]: quittant le répertoire « /home/florent/MyDGtalContrib/bin/CMakeFiles/CMakeTmp »
make: *** [cmTryCompileExec2861707098/fast] Erreur 2

File /home/florent/MyDGtalContrib/bin/CMakeFiles/CMakeTmp/CheckSymbolExists.cxx:
/* */
#include <QtCore/qglobal.h>

int main(int argc, char** argv)
{
  (void)argv;
#ifndef Q_WS_MAC
  return ((int*)(&Q_WS_MAC))[argc];
#else
  (void)argc;
  return 0;
#endif
}

